[INFO ]-[2019-02-22 21:59:42]-[com.zaxxer.hikari.HikariDataSource:110]: HikariPool-1 - Starting...
[INFO ]-[2019-02-22 21:59:43]-[com.zaxxer.hikari.HikariDataSource:123]: HikariPool-1 - Start completed.
[WARN ]-[2019-02-22 21:59:43]-[org.b3log.solo.service.InitService:175]: Solo has not been initialized, please open your browser and visit [http://localhost:8080] to init Solo
[ERROR]-[2019-02-22 22:01:13]-[org.b3log.latke.repository.jdbc.JdbcRepository:716]: Count failed
org.h2.jdbc.JdbcSQLException: Table "B3_SOLO_USER" not found; SQL statement:
SELECT COUNT(oId) FROM b3_solo_user WHERE userGitHubId = ? [42102-197]
	at org.h2.message.DbException.getJdbcSQLException(DbException.java:357)
	at org.h2.message.DbException.get(DbException.java:179)
	at org.h2.message.DbException.get(DbException.java:155)
	at org.h2.command.Parser.readTableOrView(Parser.java:5920)
	at org.h2.command.Parser.readTableFilter(Parser.java:1430)
	at org.h2.command.Parser.parseSelectSimpleFromPart(Parser.java:2138)
	at org.h2.command.Parser.parseSelectSimple(Parser.java:2287)
	at org.h2.command.Parser.parseSelectSub(Parser.java:2133)
	at org.h2.command.Parser.parseSelectUnion(Parser.java:1946)
	at org.h2.command.Parser.parseSelect(Parser.java:1919)
	at org.h2.command.Parser.parsePrepared(Parser.java:463)
	at org.h2.command.Parser.parse(Parser.java:335)
	at org.h2.command.Parser.parse(Parser.java:307)
	at org.h2.command.Parser.prepareCommand(Parser.java:278)
	at org.h2.engine.Session.prepareLocal(Session.java:611)
	at org.h2.engine.Session.prepareCommand(Session.java:549)
	at org.h2.jdbc.JdbcConnection.prepareCommand(JdbcConnection.java:1247)
	at org.h2.jdbc.JdbcPreparedStatement.<init>(JdbcPreparedStatement.java:76)
	at org.h2.jdbc.JdbcConnection.prepareStatement(JdbcConnection.java:304)
	at com.zaxxer.hikari.pool.ProxyConnection.prepareStatement(ProxyConnection.java:311)
	at com.zaxxer.hikari.pool.HikariProxyConnection.prepareStatement(HikariProxyConnection.java)
	at org.b3log.latke.repository.jdbc.util.JdbcUtil.queryJson(JdbcUtil.java:153)
	at org.b3log.latke.repository.jdbc.util.JdbcUtil.queryJsonObject(JdbcUtil.java:112)
	at org.b3log.latke.repository.jdbc.JdbcRepository.count(JdbcRepository.java:713)
	at org.b3log.latke.repository.jdbc.JdbcRepository.buildSQLCount(JdbcRepository.java:553)
	at org.b3log.latke.repository.jdbc.JdbcRepository.get(JdbcRepository.java:474)
	at org.b3log.latke.repository.AbstractRepository.get(AbstractRepository.java:149)
	at org.b3log.latke.repository.Repository.getList(Repository.java:133)
	at org.b3log.latke.repository.Repository.getFirst(Repository.java:146)
	at org.b3log.solo.service.UserQueryService.getUserByGitHubId(UserQueryService.java:77)
	at org.b3log.solo.service.UserQueryService_$$_jvstdbf_33._d9getUserByGitHubId(UserQueryService_$$_jvstdbf_33.java)
	at sun.reflect.NativeMethodAccessorImpl.invoke0(Native Method)
	at sun.reflect.NativeMethodAccessorImpl.invoke(NativeMethodAccessorImpl.java:62)
	at sun.reflect.DelegatingMethodAccessorImpl.invoke(DelegatingMethodAccessorImpl.java:43)
	at java.lang.reflect.Method.invoke(Method.java:498)
	at org.b3log.latke.ioc.JavassistMethodHandler.invoke(JavassistMethodHandler.java:116)
	at org.b3log.solo.service.UserQueryService_$$_jvstdbf_33.getUserByGitHubId(UserQueryService_$$_jvstdbf_33.java)
	at org.b3log.solo.processor.OAuthGitHubProcessor.showGitHubCallback(OAuthGitHubProcessor.java:186)
	at org.b3log.solo.processor.OAuthGitHubProcessor_$$_jvstdbf_d._d8showGitHubCallback(OAuthGitHubProcessor_$$_jvstdbf_d.java)
	at sun.reflect.NativeMethodAccessorImpl.invoke0(Native Method)
	at sun.reflect.NativeMethodAccessorImpl.invoke(NativeMethodAccessorImpl.java:62)
	at sun.reflect.DelegatingMethodAccessorImpl.invoke(DelegatingMethodAccessorImpl.java:43)
	at java.lang.reflect.Method.invoke(Method.java:498)
	at org.b3log.latke.ioc.JavassistMethodHandler.invoke(JavassistMethodHandler.java:116)
	at org.b3log.solo.processor.OAuthGitHubProcessor_$$_jvstdbf_d.showGitHubCallback(OAuthGitHubProcessor_$$_jvstdbf_d.java)
	at sun.reflect.NativeMethodAccessorImpl.invoke0(Native Method)
	at sun.reflect.NativeMethodAccessorImpl.invoke(NativeMethodAccessorImpl.java:62)
	at sun.reflect.DelegatingMethodAccessorImpl.invoke(DelegatingMethodAccessorImpl.java:43)
	at java.lang.reflect.Method.invoke(Method.java:498)
	at org.b3log.latke.servlet.handler.ContextHandleHandler.handle(ContextHandleHandler.java:45)
	at org.b3log.latke.servlet.RequestContext.handle(RequestContext.java:471)
	at org.b3log.latke.servlet.handler.BeforeHandleHandler.handle(BeforeHandleHandler.java:81)
	at org.b3log.latke.servlet.RequestContext.handle(RequestContext.java:471)
	at org.b3log.latke.servlet.handler.RouteHandler.handle(RouteHandler.java:202)
	at org.b3log.latke.servlet.RequestContext.handle(RequestContext.java:471)
	at org.b3log.latke.servlet.handler.StaticResourceHandler.handle(StaticResourceHandler.java:118)
	at org.b3log.latke.servlet.RequestContext.handle(RequestContext.java:471)
	at org.b3log.latke.servlet.DispatcherServlet.handle(DispatcherServlet.java:87)
	at org.b3log.latke.servlet.DispatcherServlet.service(DispatcherServlet.java:68)
	at javax.servlet.http.HttpServlet.service(HttpServlet.java:790)
	at org.eclipse.jetty.servlet.ServletHolder.handle(ServletHolder.java:865)
	at org.eclipse.jetty.servlet.ServletHandler$CachedChain.doFilter(ServletHandler.java:1655)
	at org.b3log.solo.filter.PermalinkFilter.doFilter(PermalinkFilter.java:84)
	at org.eclipse.jetty.servlet.ServletHandler$CachedChain.doFilter(ServletHandler.java:1642)
	at org.b3log.solo.filter.InitCheckFilter.doFilter(InitCheckFilter.java:92)
	at org.eclipse.jetty.servlet.ServletHandler$CachedChain.doFilter(ServletHandler.java:1642)
	at org.b3log.latke.servlet.filter.EncodingFilter.doFilter(EncodingFilter.java:64)
	at org.eclipse.jetty.servlet.ServletHandler$CachedChain.doFilter(ServletHandler.java:1634)
	at org.eclipse.jetty.servlet.ServletHandler.doHandle(ServletHandler.java:533)
	at org.eclipse.jetty.server.handler.ScopedHandler.handle(ScopedHandler.java:146)
	at org.eclipse.jetty.security.SecurityHandler.handle(SecurityHandler.java:548)
	at org.eclipse.jetty.server.handler.HandlerWrapper.handle(HandlerWrapper.java:132)
	at org.eclipse.jetty.server.handler.ScopedHandler.nextHandle(ScopedHandler.java:257)
	at org.eclipse.jetty.server.session.SessionHandler.doHandle(SessionHandler.java:1595)
	at org.eclipse.jetty.server.handler.ScopedHandler.nextHandle(ScopedHandler.java:255)
	at org.eclipse.jetty.server.handler.ContextHandler.doHandle(ContextHandler.java:1340)
	at org.eclipse.jetty.server.handler.ScopedHandler.nextScope(ScopedHandler.java:203)
	at org.eclipse.jetty.servlet.ServletHandler.doScope(ServletHandler.java:473)
	at org.eclipse.jetty.server.session.SessionHandler.doScope(SessionHandler.java:1564)
	at org.eclipse.jetty.server.handler.ScopedHandler.nextScope(ScopedHandler.java:201)
	at org.eclipse.jetty.server.handler.ContextHandler.doScope(ContextHandler.java:1242)
	at org.eclipse.jetty.server.handler.ScopedHandler.handle(ScopedHandler.java:144)
	at org.eclipse.jetty.server.handler.HandlerWrapper.handle(HandlerWrapper.java:132)
	at org.eclipse.jetty.server.Server.handle(Server.java:503)
	at org.eclipse.jetty.server.HttpChannel.handle(HttpChannel.java:364)
	at org.eclipse.jetty.server.HttpConnection.onFillable(HttpConnection.java:260)
	at org.eclipse.jetty.io.AbstractConnection$ReadCallback.succeeded(AbstractConnection.java:305)
	at org.eclipse.jetty.io.FillInterest.fillable(FillInterest.java:103)
	at org.eclipse.jetty.io.ChannelEndPoint$2.run(ChannelEndPoint.java:118)
	at org.eclipse.jetty.util.thread.strategy.EatWhatYouKill.runTask(EatWhatYouKill.java:333)
	at org.eclipse.jetty.util.thread.strategy.EatWhatYouKill.doProduce(EatWhatYouKill.java:310)
	at org.eclipse.jetty.util.thread.strategy.EatWhatYouKill.tryProduce(EatWhatYouKill.java:168)
	at org.eclipse.jetty.util.thread.strategy.EatWhatYouKill.run(EatWhatYouKill.java:126)
	at org.eclipse.jetty.util.thread.ReservedThreadExecutor$ReservedThread.run(ReservedThreadExecutor.java:366)
	at org.eclipse.jetty.util.thread.QueuedThreadPool.runJob(QueuedThreadPool.java:765)
	at org.eclipse.jetty.util.thread.QueuedThreadPool$2.run(QueuedThreadPool.java:683)
	at java.lang.Thread.run(Thread.java:748)
[ERROR]-[2019-02-22 22:01:13]-[org.b3log.latke.repository.jdbc.JdbcRepository:490]: Query failed
org.b3log.latke.repository.RepositoryException: org.h2.jdbc.JdbcSQLException: Table "B3_SOLO_USER" not found; SQL statement:
SELECT COUNT(oId) FROM b3_solo_user WHERE userGitHubId = ? [42102-197]
	at org.b3log.latke.repository.jdbc.JdbcRepository.count(JdbcRepository.java:718)
	at org.b3log.latke.repository.jdbc.JdbcRepository.buildSQLCount(JdbcRepository.java:553)
	at org.b3log.latke.repository.jdbc.JdbcRepository.get(JdbcRepository.java:474)
	at org.b3log.latke.repository.AbstractRepository.get(AbstractRepository.java:149)
	at org.b3log.latke.repository.Repository.getList(Repository.java:133)
	at org.b3log.latke.repository.Repository.getFirst(Repository.java:146)
	at org.b3log.solo.service.UserQueryService.getUserByGitHubId(UserQueryService.java:77)
	at org.b3log.solo.service.UserQueryService_$$_jvstdbf_33._d9getUserByGitHubId(UserQueryService_$$_jvstdbf_33.java)
	at sun.reflect.NativeMethodAccessorImpl.invoke0(Native Method)
	at sun.reflect.NativeMethodAccessorImpl.invoke(NativeMethodAccessorImpl.java:62)
	at sun.reflect.DelegatingMethodAccessorImpl.invoke(DelegatingMethodAccessorImpl.java:43)
	at java.lang.reflect.Method.invoke(Method.java:498)
	at org.b3log.latke.ioc.JavassistMethodHandler.invoke(JavassistMethodHandler.java:116)
	at org.b3log.solo.service.UserQueryService_$$_jvstdbf_33.getUserByGitHubId(UserQueryService_$$_jvstdbf_33.java)
	at org.b3log.solo.processor.OAuthGitHubProcessor.showGitHubCallback(OAuthGitHubProcessor.java:186)
	at org.b3log.solo.processor.OAuthGitHubProcessor_$$_jvstdbf_d._d8showGitHubCallback(OAuthGitHubProcessor_$$_jvstdbf_d.java)
	at sun.reflect.NativeMethodAccessorImpl.invoke0(Native Method)
	at sun.reflect.NativeMethodAccessorImpl.invoke(NativeMethodAccessorImpl.java:62)
	at sun.reflect.DelegatingMethodAccessorImpl.invoke(DelegatingMethodAccessorImpl.java:43)
	at java.lang.reflect.Method.invoke(Method.java:498)
	at org.b3log.latke.ioc.JavassistMethodHandler.invoke(JavassistMethodHandler.java:116)
	at org.b3log.solo.processor.OAuthGitHubProcessor_$$_jvstdbf_d.showGitHubCallback(OAuthGitHubProcessor_$$_jvstdbf_d.java)
	at sun.reflect.NativeMethodAccessorImpl.invoke0(Native Method)
	at sun.reflect.NativeMethodAccessorImpl.invoke(NativeMethodAccessorImpl.java:62)
	at sun.reflect.DelegatingMethodAccessorImpl.invoke(DelegatingMethodAccessorImpl.java:43)
	at java.lang.reflect.Method.invoke(Method.java:498)
	at org.b3log.latke.servlet.handler.ContextHandleHandler.handle(ContextHandleHandler.java:45)
	at org.b3log.latke.servlet.RequestContext.handle(RequestContext.java:471)
	at org.b3log.latke.servlet.handler.BeforeHandleHandler.handle(BeforeHandleHandler.java:81)
	at org.b3log.latke.servlet.RequestContext.handle(RequestContext.java:471)
	at org.b3log.latke.servlet.handler.RouteHandler.handle(RouteHandler.java:202)
	at org.b3log.latke.servlet.RequestContext.handle(RequestContext.java:471)
	at org.b3log.latke.servlet.handler.StaticResourceHandler.handle(StaticResourceHandler.java:118)
	at org.b3log.latke.servlet.RequestContext.handle(RequestContext.java:471)
	at org.b3log.latke.servlet.DispatcherServlet.handle(DispatcherServlet.java:87)
	at org.b3log.latke.servlet.DispatcherServlet.service(DispatcherServlet.java:68)
	at javax.servlet.http.HttpServlet.service(HttpServlet.java:790)
	at org.eclipse.jetty.servlet.ServletHolder.handle(ServletHolder.java:865)
	at org.eclipse.jetty.servlet.ServletHandler$CachedChain.doFilter(ServletHandler.java:1655)
	at org.b3log.solo.filter.PermalinkFilter.doFilter(PermalinkFilter.java:84)
	at org.eclipse.jetty.servlet.ServletHandler$CachedChain.doFilter(ServletHandler.java:1642)
	at org.b3log.solo.filter.InitCheckFilter.doFilter(InitCheckFilter.java:92)
	at org.eclipse.jetty.servlet.ServletHandler$CachedChain.doFilter(ServletHandler.java:1642)
	at org.b3log.latke.servlet.filter.EncodingFilter.doFilter(EncodingFilter.java:64)
	at org.eclipse.jetty.servlet.ServletHandler$CachedChain.doFilter(ServletHandler.java:1634)
	at org.eclipse.jetty.servlet.ServletHandler.doHandle(ServletHandler.java:533)
	at org.eclipse.jetty.server.handler.ScopedHandler.handle(ScopedHandler.java:146)
	at org.eclipse.jetty.security.SecurityHandler.handle(SecurityHandler.java:548)
	at org.eclipse.jetty.server.handler.HandlerWrapper.handle(HandlerWrapper.java:132)
	at org.eclipse.jetty.server.handler.ScopedHandler.nextHandle(ScopedHandler.java:257)
	at org.eclipse.jetty.server.session.SessionHandler.doHandle(SessionHandler.java:1595)
	at org.eclipse.jetty.server.handler.ScopedHandler.nextHandle(ScopedHandler.java:255)
	at org.eclipse.jetty.server.handler.ContextHandler.doHandle(ContextHandler.java:1340)
	at org.eclipse.jetty.server.handler.ScopedHandler.nextScope(ScopedHandler.java:203)
	at org.eclipse.jetty.servlet.ServletHandler.doScope(ServletHandler.java:473)
	at org.eclipse.jetty.server.session.SessionHandler.doScope(SessionHandler.java:1564)
	at org.eclipse.jetty.server.handler.ScopedHandler.nextScope(ScopedHandler.java:201)
	at org.eclipse.jetty.server.handler.ContextHandler.doScope(ContextHandler.java:1242)
	at org.eclipse.jetty.server.handler.ScopedHandler.handle(ScopedHandler.java:144)
	at org.eclipse.jetty.server.handler.HandlerWrapper.handle(HandlerWrapper.java:132)
	at org.eclipse.jetty.server.Server.handle(Server.java:503)
	at org.eclipse.jetty.server.HttpChannel.handle(HttpChannel.java:364)
	at org.eclipse.jetty.server.HttpConnection.onFillable(HttpConnection.java:260)
	at org.eclipse.jetty.io.AbstractConnection$ReadCallback.succeeded(AbstractConnection.java:305)
	at org.eclipse.jetty.io.FillInterest.fillable(FillInterest.java:103)
	at org.eclipse.jetty.io.ChannelEndPoint$2.run(ChannelEndPoint.java:118)
	at org.eclipse.jetty.util.thread.strategy.EatWhatYouKill.runTask(EatWhatYouKill.java:333)
	at org.eclipse.jetty.util.thread.strategy.EatWhatYouKill.doProduce(EatWhatYouKill.java:310)
	at org.eclipse.jetty.util.thread.strategy.EatWhatYouKill.tryProduce(EatWhatYouKill.java:168)
	at org.eclipse.jetty.util.thread.strategy.EatWhatYouKill.run(EatWhatYouKill.java:126)
	at org.eclipse.jetty.util.thread.ReservedThreadExecutor$ReservedThread.run(ReservedThreadExecutor.java:366)
	at org.eclipse.jetty.util.thread.QueuedThreadPool.runJob(QueuedThreadPool.java:765)
	at org.eclipse.jetty.util.thread.QueuedThreadPool$2.run(QueuedThreadPool.java:683)
	at java.lang.Thread.run(Thread.java:748)
Caused by: org.h2.jdbc.JdbcSQLException: Table "B3_SOLO_USER" not found; SQL statement:
SELECT COUNT(oId) FROM b3_solo_user WHERE userGitHubId = ? [42102-197]
	at org.h2.message.DbException.getJdbcSQLException(DbException.java:357)
	at org.h2.message.DbException.get(DbException.java:179)
	at org.h2.message.DbException.get(DbException.java:155)
	at org.h2.command.Parser.readTableOrView(Parser.java:5920)
	at org.h2.command.Parser.readTableFilter(Parser.java:1430)
	at org.h2.command.Parser.parseSelectSimpleFromPart(Parser.java:2138)
	at org.h2.command.Parser.parseSelectSimple(Parser.java:2287)
	at org.h2.command.Parser.parseSelectSub(Parser.java:2133)
	at org.h2.command.Parser.parseSelectUnion(Parser.java:1946)
	at org.h2.command.Parser.parseSelect(Parser.java:1919)
	at org.h2.command.Parser.parsePrepared(Parser.java:463)
	at org.h2.command.Parser.parse(Parser.java:335)
	at org.h2.command.Parser.parse(Parser.java:307)
	at org.h2.command.Parser.prepareCommand(Parser.java:278)
	at org.h2.engine.Session.prepareLocal(Session.java:611)
	at org.h2.engine.Session.prepareCommand(Session.java:549)
	at org.h2.jdbc.JdbcConnection.prepareCommand(JdbcConnection.java:1247)
	at org.h2.jdbc.JdbcPreparedStatement.<init>(JdbcPreparedStatement.java:76)
	at org.h2.jdbc.JdbcConnection.prepareStatement(JdbcConnection.java:304)
	at com.zaxxer.hikari.pool.ProxyConnection.prepareStatement(ProxyConnection.java:311)
	at com.zaxxer.hikari.pool.HikariProxyConnection.prepareStatement(HikariProxyConnection.java)
	at org.b3log.latke.repository.jdbc.util.JdbcUtil.queryJson(JdbcUtil.java:153)
	at org.b3log.latke.repository.jdbc.util.JdbcUtil.queryJsonObject(JdbcUtil.java:112)
	at org.b3log.latke.repository.jdbc.JdbcRepository.count(JdbcRepository.java:713)
	... 73 more
[ERROR]-[2019-02-22 22:01:13]-[org.b3log.solo.service.UserQueryService:79]: Gets a user by GitHub id [19731522] failed
org.b3log.latke.repository.RepositoryException: org.b3log.latke.repository.RepositoryException: org.h2.jdbc.JdbcSQLException: Table "B3_SOLO_USER" not found; SQL statement:
SELECT COUNT(oId) FROM b3_solo_user WHERE userGitHubId = ? [42102-197]
	at org.b3log.latke.repository.jdbc.JdbcRepository.get(JdbcRepository.java:492)
	at org.b3log.latke.repository.AbstractRepository.get(AbstractRepository.java:149)
	at org.b3log.latke.repository.Repository.getList(Repository.java:133)
	at org.b3log.latke.repository.Repository.getFirst(Repository.java:146)
	at org.b3log.solo.service.UserQueryService.getUserByGitHubId(UserQueryService.java:77)
	at org.b3log.solo.service.UserQueryService_$$_jvstdbf_33._d9getUserByGitHubId(UserQueryService_$$_jvstdbf_33.java)
	at sun.reflect.NativeMethodAccessorImpl.invoke0(Native Method)
	at sun.reflect.NativeMethodAccessorImpl.invoke(NativeMethodAccessorImpl.java:62)
	at sun.reflect.DelegatingMethodAccessorImpl.invoke(DelegatingMethodAccessorImpl.java:43)
	at java.lang.reflect.Method.invoke(Method.java:498)
	at org.b3log.latke.ioc.JavassistMethodHandler.invoke(JavassistMethodHandler.java:116)
	at org.b3log.solo.service.UserQueryService_$$_jvstdbf_33.getUserByGitHubId(UserQueryService_$$_jvstdbf_33.java)
	at org.b3log.solo.processor.OAuthGitHubProcessor.showGitHubCallback(OAuthGitHubProcessor.java:186)
	at org.b3log.solo.processor.OAuthGitHubProcessor_$$_jvstdbf_d._d8showGitHubCallback(OAuthGitHubProcessor_$$_jvstdbf_d.java)
	at sun.reflect.NativeMethodAccessorImpl.invoke0(Native Method)
	at sun.reflect.NativeMethodAccessorImpl.invoke(NativeMethodAccessorImpl.java:62)
	at sun.reflect.DelegatingMethodAccessorImpl.invoke(DelegatingMethodAccessorImpl.java:43)
	at java.lang.reflect.Method.invoke(Method.java:498)
	at org.b3log.latke.ioc.JavassistMethodHandler.invoke(JavassistMethodHandler.java:116)
	at org.b3log.solo.processor.OAuthGitHubProcessor_$$_jvstdbf_d.showGitHubCallback(OAuthGitHubProcessor_$$_jvstdbf_d.java)
	at sun.reflect.NativeMethodAccessorImpl.invoke0(Native Method)
	at sun.reflect.NativeMethodAccessorImpl.invoke(NativeMethodAccessorImpl.java:62)
	at sun.reflect.DelegatingMethodAccessorImpl.invoke(DelegatingMethodAccessorImpl.java:43)
	at java.lang.reflect.Method.invoke(Method.java:498)
	at org.b3log.latke.servlet.handler.ContextHandleHandler.handle(ContextHandleHandler.java:45)
	at org.b3log.latke.servlet.RequestContext.handle(RequestContext.java:471)
	at org.b3log.latke.servlet.handler.BeforeHandleHandler.handle(BeforeHandleHandler.java:81)
	at org.b3log.latke.servlet.RequestContext.handle(RequestContext.java:471)
	at org.b3log.latke.servlet.handler.RouteHandler.handle(RouteHandler.java:202)
	at org.b3log.latke.servlet.RequestContext.handle(RequestContext.java:471)
	at org.b3log.latke.servlet.handler.StaticResourceHandler.handle(StaticResourceHandler.java:118)
	at org.b3log.latke.servlet.RequestContext.handle(RequestContext.java:471)
	at org.b3log.latke.servlet.DispatcherServlet.handle(DispatcherServlet.java:87)
	at org.b3log.latke.servlet.DispatcherServlet.service(DispatcherServlet.java:68)
	at javax.servlet.http.HttpServlet.service(HttpServlet.java:790)
	at org.eclipse.jetty.servlet.ServletHolder.handle(ServletHolder.java:865)
	at org.eclipse.jetty.servlet.ServletHandler$CachedChain.doFilter(ServletHandler.java:1655)
	at org.b3log.solo.filter.PermalinkFilter.doFilter(PermalinkFilter.java:84)
	at org.eclipse.jetty.servlet.ServletHandler$CachedChain.doFilter(ServletHandler.java:1642)
	at org.b3log.solo.filter.InitCheckFilter.doFilter(InitCheckFilter.java:92)
	at org.eclipse.jetty.servlet.ServletHandler$CachedChain.doFilter(ServletHandler.java:1642)
	at org.b3log.latke.servlet.filter.EncodingFilter.doFilter(EncodingFilter.java:64)
	at org.eclipse.jetty.servlet.ServletHandler$CachedChain.doFilter(ServletHandler.java:1634)
	at org.eclipse.jetty.servlet.ServletHandler.doHandle(ServletHandler.java:533)
	at org.eclipse.jetty.server.handler.ScopedHandler.handle(ScopedHandler.java:146)
	at org.eclipse.jetty.security.SecurityHandler.handle(SecurityHandler.java:548)
	at org.eclipse.jetty.server.handler.HandlerWrapper.handle(HandlerWrapper.java:132)
	at org.eclipse.jetty.server.handler.ScopedHandler.nextHandle(ScopedHandler.java:257)
	at org.eclipse.jetty.server.session.SessionHandler.doHandle(SessionHandler.java:1595)
	at org.eclipse.jetty.server.handler.ScopedHandler.nextHandle(ScopedHandler.java:255)
	at org.eclipse.jetty.server.handler.ContextHandler.doHandle(ContextHandler.java:1340)
	at org.eclipse.jetty.server.handler.ScopedHandler.nextScope(ScopedHandler.java:203)
	at org.eclipse.jetty.servlet.ServletHandler.doScope(ServletHandler.java:473)
	at org.eclipse.jetty.server.session.SessionHandler.doScope(SessionHandler.java:1564)
	at org.eclipse.jetty.server.handler.ScopedHandler.nextScope(ScopedHandler.java:201)
	at org.eclipse.jetty.server.handler.ContextHandler.doScope(ContextHandler.java:1242)
	at org.eclipse.jetty.server.handler.ScopedHandler.handle(ScopedHandler.java:144)
	at org.eclipse.jetty.server.handler.HandlerWrapper.handle(HandlerWrapper.java:132)
	at org.eclipse.jetty.server.Server.handle(Server.java:503)
	at org.eclipse.jetty.server.HttpChannel.handle(HttpChannel.java:364)
	at org.eclipse.jetty.server.HttpConnection.onFillable(HttpConnection.java:260)
	at org.eclipse.jetty.io.AbstractConnection$ReadCallback.succeeded(AbstractConnection.java:305)
	at org.eclipse.jetty.io.FillInterest.fillable(FillInterest.java:103)
	at org.eclipse.jetty.io.ChannelEndPoint$2.run(ChannelEndPoint.java:118)
	at org.eclipse.jetty.util.thread.strategy.EatWhatYouKill.runTask(EatWhatYouKill.java:333)
	at org.eclipse.jetty.util.thread.strategy.EatWhatYouKill.doProduce(EatWhatYouKill.java:310)
	at org.eclipse.jetty.util.thread.strategy.EatWhatYouKill.tryProduce(EatWhatYouKill.java:168)
	at org.eclipse.jetty.util.thread.strategy.EatWhatYouKill.run(EatWhatYouKill.java:126)
	at org.eclipse.jetty.util.thread.ReservedThreadExecutor$ReservedThread.run(ReservedThreadExecutor.java:366)
	at org.eclipse.jetty.util.thread.QueuedThreadPool.runJob(QueuedThreadPool.java:765)
	at org.eclipse.jetty.util.thread.QueuedThreadPool$2.run(QueuedThreadPool.java:683)
	at java.lang.Thread.run(Thread.java:748)
Caused by: org.b3log.latke.repository.RepositoryException: org.h2.jdbc.JdbcSQLException: Table "B3_SOLO_USER" not found; SQL statement:
SELECT COUNT(oId) FROM b3_solo_user WHERE userGitHubId = ? [42102-197]
	at org.b3log.latke.repository.jdbc.JdbcRepository.count(JdbcRepository.java:718)
	at org.b3log.latke.repository.jdbc.JdbcRepository.buildSQLCount(JdbcRepository.java:553)
	at org.b3log.latke.repository.jdbc.JdbcRepository.get(JdbcRepository.java:474)
	... 71 more
Caused by: org.h2.jdbc.JdbcSQLException: Table "B3_SOLO_USER" not found; SQL statement:
SELECT COUNT(oId) FROM b3_solo_user WHERE userGitHubId = ? [42102-197]
	at org.h2.message.DbException.getJdbcSQLException(DbException.java:357)
	at org.h2.message.DbException.get(DbException.java:179)
	at org.h2.message.DbException.get(DbException.java:155)
	at org.h2.command.Parser.readTableOrView(Parser.java:5920)
	at org.h2.command.Parser.readTableFilter(Parser.java:1430)
	at org.h2.command.Parser.parseSelectSimpleFromPart(Parser.java:2138)
	at org.h2.command.Parser.parseSelectSimple(Parser.java:2287)
	at org.h2.command.Parser.parseSelectSub(Parser.java:2133)
	at org.h2.command.Parser.parseSelectUnion(Parser.java:1946)
	at org.h2.command.Parser.parseSelect(Parser.java:1919)
	at org.h2.command.Parser.parsePrepared(Parser.java:463)
	at org.h2.command.Parser.parse(Parser.java:335)
	at org.h2.command.Parser.parse(Parser.java:307)
	at org.h2.command.Parser.prepareCommand(Parser.java:278)
	at org.h2.engine.Session.prepareLocal(Session.java:611)
	at org.h2.engine.Session.prepareCommand(Session.java:549)
	at org.h2.jdbc.JdbcConnection.prepareCommand(JdbcConnection.java:1247)
	at org.h2.jdbc.JdbcPreparedStatement.<init>(JdbcPreparedStatement.java:76)
	at org.h2.jdbc.JdbcConnection.prepareStatement(JdbcConnection.java:304)
	at com.zaxxer.hikari.pool.ProxyConnection.prepareStatement(ProxyConnection.java:311)
	at com.zaxxer.hikari.pool.HikariProxyConnection.prepareStatement(HikariProxyConnection.java)
	at org.b3log.latke.repository.jdbc.util.JdbcUtil.queryJson(JdbcUtil.java:153)
	at org.b3log.latke.repository.jdbc.util.JdbcUtil.queryJsonObject(JdbcUtil.java:112)
	at org.b3log.latke.repository.jdbc.JdbcRepository.count(JdbcRepository.java:713)
	... 73 more
[INFO ]-[2019-02-22 22:01:13]-[org.b3log.solo.service.InitService:206]: Your DATA will be stored in directory [jdbc:h2:/home/haoxin/solo_h2/db], please pay more attention on it!
[INFO ]-[2019-02-22 22:01:14]-[org.b3log.solo.processor.OAuthGitHubProcessor:235]: Logged in [name=Hanseltu, remoteAddr=127.0.0.1] with GitHub oauth
[INFO ]-[2019-02-22 22:01:14]-[org.b3log.solo.util.Markdowns:128]: [marked] is not available, uses built-in [flexmark] for markdown processing. Please read FAQ section in user guide (https://hacpai.com/article/1492881378588) for more details.
[INFO ]-[2019-02-22 22:03:18]-[org.b3log.solo.processor.OAuthGitHubProcessor:235]: Logged in [name=Hanseltu, remoteAddr=0:0:0:0:0:0:0:1] with GitHub oauth
[INFO ]-[2019-02-22 22:10:29]-[com.zaxxer.hikari.HikariDataSource:350]: HikariPool-1 - Shutdown initiated...
[INFO ]-[2019-02-22 22:10:29]-[com.zaxxer.hikari.HikariDataSource:352]: HikariPool-1 - Shutdown completed.
[INFO ]-[2019-02-22 22:10:29]-[org.b3log.solo.SoloServletListener:134]: Destroyed the context
[INFO ]-[2019-02-22 22:10:32]-[com.zaxxer.hikari.HikariDataSource:110]: HikariPool-1 - Starting...
[INFO ]-[2019-02-22 22:10:32]-[com.zaxxer.hikari.HikariDataSource:123]: HikariPool-1 - Start completed.
[INFO ]-[2019-02-22 22:10:33]-[org.b3log.solo.SoloServletListener:117]: Solo is running [http://localhost:8080]
[INFO ]-[2019-02-22 22:10:33]-[org.b3log.solo.util.Markdowns:128]: [marked] is not available, uses built-in [flexmark] for markdown processing. Please read FAQ section in user guide (https://hacpai.com/article/1492881378588) for more details.
